<?xml version="1.0" encoding="UTF-8"?>
<!-- Generated by org.testng.reporters.JUnitXMLReporter -->
<testsuite hostname="uzzal-42-dhk" name="Default test" tests="4" failures="0" timestamp="3 Jan 2019 12:52:28 GMT" time="28.142" errors="0">
  <testcase name="checkValidationMsgWhenBlankSubmit" time="4.418" classname="com.vantage.formreleaf2.Login"/>
  <testcase name="checkValidationMsgWhenUsernamePasswordWrong" time="4.034" classname="com.vantage.formreleaf2.Login"/>
  <testcase name="loginSuccessful" time="4.672" classname="com.vantage.formreleaf2.Login"/>
  <testcase name="logOut" time="4.673" classname="com.vantage.formreleaf2.Login"/>
</testsuite> <!-- Default test -->
