<?xml version="1.0" encoding="UTF-8"?>
<testng-results skipped="0" failed="0" total="4" passed="4">
  <reporter-output>
  </reporter-output>
  <suite name="Default suite" duration-ms="28142" started-at="2019-01-03T12:52:00Z" finished-at="2019-01-03T12:52:28Z">
    <groups>
    </groups>
    <test name="Default test" duration-ms="28142" started-at="2019-01-03T12:52:00Z" finished-at="2019-01-03T12:52:28Z">
      <class name="com.vantage.formreleaf2.Login">
        <test-method status="PASS" signature="launchBrowser()[pri:0, instance:com.vantage.formreleaf2.Login@4e096385]" name="launchBrowser" is-config="true" duration-ms="10217" started-at="2019-01-03T18:52:00Z" finished-at="2019-01-03T18:52:10Z">
          <reporter-output>
          </reporter-output>
        </test-method> <!-- launchBrowser -->
        <test-method status="PASS" signature="checkValidationMsgWhenBlankSubmit()[pri:1, instance:com.vantage.formreleaf2.Login@4e096385]" name="checkValidationMsgWhenBlankSubmit" duration-ms="4418" started-at="2019-01-03T18:52:10Z" description="Check validation message when submitting blank username password" finished-at="2019-01-03T18:52:15Z">
          <reporter-output>
          </reporter-output>
        </test-method> <!-- checkValidationMsgWhenBlankSubmit -->
        <test-method status="PASS" signature="checkValidationMsgWhenUsernamePasswordWrong()[pri:2, instance:com.vantage.formreleaf2.Login@4e096385]" name="checkValidationMsgWhenUsernamePasswordWrong" duration-ms="4034" started-at="2019-01-03T18:52:15Z" description="Check validation message when submitting wrong username password" finished-at="2019-01-03T18:52:19Z">
          <reporter-output>
          </reporter-output>
        </test-method> <!-- checkValidationMsgWhenUsernamePasswordWrong -->
        <test-method status="PASS" signature="loginSuccessful()[pri:3, instance:com.vantage.formreleaf2.Login@4e096385]" name="loginSuccessful" duration-ms="4672" started-at="2019-01-03T18:52:19Z" description="Check login method with valid username and password" finished-at="2019-01-03T18:52:24Z">
          <reporter-output>
          </reporter-output>
        </test-method> <!-- loginSuccessful -->
        <test-method status="PASS" signature="logOut()[pri:5, instance:com.vantage.formreleaf2.Login@4e096385]" name="logOut" duration-ms="4673" started-at="2019-01-03T18:52:24Z" description="Check logout functionality" finished-at="2019-01-03T18:52:28Z">
          <reporter-output>
          </reporter-output>
        </test-method> <!-- logOut -->
        <test-method status="PASS" signature="terminateBrowser()[pri:0, instance:com.vantage.formreleaf2.Login@4e096385]" name="terminateBrowser" is-config="true" duration-ms="89" started-at="2019-01-03T18:52:28Z" finished-at="2019-01-03T18:52:28Z">
          <reporter-output>
          </reporter-output>
        </test-method> <!-- terminateBrowser -->
      </class> <!-- com.vantage.formreleaf2.Login -->
    </test> <!-- Default test -->
  </suite> <!-- Default suite -->
</testng-results>
